[0.240s] Invoking command in '/home/erickj1/lab1_ws/src/lab1_pkg': PYTHONPATH=/home/erickj1/lab1_ws/build/lab1_pkg/prefix_override:/usr/lib/python3/dist-packages/colcon_core/task/python/colcon_distutils_commands:/home/erickj1/lab1_ws/install/lab1_pkg/lib/python3.10/site-packages:${PYTHONPATH} /usr/bin/python3 -W ignore:setup.py install is deprecated -W ignore:easy_install command is deprecated setup.py egg_info --egg-base ../../build/lab1_pkg build --build-base /home/erickj1/lab1_ws/build/lab1_pkg/build install --record /home/erickj1/lab1_ws/build/lab1_pkg/install.log --single-version-externally-managed install_data
[0.331s] running egg_info
[0.332s] writing ../../build/lab1_pkg/lab1_pkg.egg-info/PKG-INFO
[0.332s] writing dependency_links to ../../build/lab1_pkg/lab1_pkg.egg-info/dependency_links.txt
[0.332s] writing entry points to ../../build/lab1_pkg/lab1_pkg.egg-info/entry_points.txt
[0.332s] writing requirements to ../../build/lab1_pkg/lab1_pkg.egg-info/requires.txt
[0.332s] writing top-level names to ../../build/lab1_pkg/lab1_pkg.egg-info/top_level.txt
[0.332s] reading manifest file '../../build/lab1_pkg/lab1_pkg.egg-info/SOURCES.txt'
[0.333s] writing manifest file '../../build/lab1_pkg/lab1_pkg.egg-info/SOURCES.txt'
[0.333s] running build
[0.333s] running build_py
[0.333s] running install
[0.333s] running install_lib
[0.333s] running install_data
[0.333s] copying launch/lab1_launch.xml -> /home/erickj1/lab1_ws/install/lab1_pkg/share/lab1_pkg/launch
[0.334s] running install_egg_info
[0.334s] removing '/home/erickj1/lab1_ws/install/lab1_pkg/lib/python3.10/site-packages/lab1_pkg-0.0.0-py3.10.egg-info' (and everything under it)
[0.334s] Copying ../../build/lab1_pkg/lab1_pkg.egg-info to /home/erickj1/lab1_ws/install/lab1_pkg/lib/python3.10/site-packages/lab1_pkg-0.0.0-py3.10.egg-info
[0.335s] running install_scripts
[0.344s] Installing replay script to /home/erickj1/lab1_ws/install/lab1_pkg/lib/lab1_pkg
[0.344s] Installing talker script to /home/erickj1/lab1_ws/install/lab1_pkg/lib/lab1_pkg
[0.344s] writing list of installed files to '/home/erickj1/lab1_ws/build/lab1_pkg/install.log'
[0.352s] Invoked command in '/home/erickj1/lab1_ws/src/lab1_pkg' returned '0': PYTHONPATH=/home/erickj1/lab1_ws/build/lab1_pkg/prefix_override:/usr/lib/python3/dist-packages/colcon_core/task/python/colcon_distutils_commands:/home/erickj1/lab1_ws/install/lab1_pkg/lib/python3.10/site-packages:${PYTHONPATH} /usr/bin/python3 -W ignore:setup.py install is deprecated -W ignore:easy_install command is deprecated setup.py egg_info --egg-base ../../build/lab1_pkg build --build-base /home/erickj1/lab1_ws/build/lab1_pkg/build install --record /home/erickj1/lab1_ws/build/lab1_pkg/install.log --single-version-externally-managed install_data
