[0.244s] Invoking command in '/home/erickj1/lab1_ws/src/lab1_pkg': PYTHONPATH=/home/erickj1/lab1_ws/build/lab1_pkg/prefix_override:/usr/lib/python3/dist-packages/colcon_core/task/python/colcon_distutils_commands:/home/erickj1/lab1_ws/install/lab1_pkg/lib/python3.10/site-packages:${PYTHONPATH} /usr/bin/python3 -W ignore:setup.py install is deprecated -W ignore:easy_install command is deprecated setup.py egg_info --egg-base ../../build/lab1_pkg build --build-base /home/erickj1/lab1_ws/build/lab1_pkg/build install --record /home/erickj1/lab1_ws/build/lab1_pkg/install.log --single-version-externally-managed install_data
[0.336s] running egg_info
[0.336s] creating ../../build/lab1_pkg/lab1_pkg.egg-info
[0.336s] writing ../../build/lab1_pkg/lab1_pkg.egg-info/PKG-INFO
[0.336s] writing dependency_links to ../../build/lab1_pkg/lab1_pkg.egg-info/dependency_links.txt
[0.336s] writing entry points to ../../build/lab1_pkg/lab1_pkg.egg-info/entry_points.txt
[0.336s] writing requirements to ../../build/lab1_pkg/lab1_pkg.egg-info/requires.txt
[0.336s] writing top-level names to ../../build/lab1_pkg/lab1_pkg.egg-info/top_level.txt
[0.336s] writing manifest file '../../build/lab1_pkg/lab1_pkg.egg-info/SOURCES.txt'
[0.337s] reading manifest file '../../build/lab1_pkg/lab1_pkg.egg-info/SOURCES.txt'
[0.337s] writing manifest file '../../build/lab1_pkg/lab1_pkg.egg-info/SOURCES.txt'
[0.337s] running build
[0.337s] running build_py
[0.337s] creating /home/erickj1/lab1_ws/build/lab1_pkg/build
[0.337s] creating /home/erickj1/lab1_ws/build/lab1_pkg/build/lib
[0.337s] creating /home/erickj1/lab1_ws/build/lab1_pkg/build/lib/lab1_pkg
[0.337s] copying lab1_pkg/__init__.py -> /home/erickj1/lab1_ws/build/lab1_pkg/build/lib/lab1_pkg
[0.337s] copying lab1_pkg/replay.py -> /home/erickj1/lab1_ws/build/lab1_pkg/build/lib/lab1_pkg
[0.337s] copying lab1_pkg/talker.py -> /home/erickj1/lab1_ws/build/lab1_pkg/build/lib/lab1_pkg
[0.337s] running install
[0.337s] running install_lib
[0.338s] creating /home/erickj1/lab1_ws/install/lab1_pkg/lib/python3.10/site-packages/lab1_pkg
[0.338s] copying /home/erickj1/lab1_ws/build/lab1_pkg/build/lib/lab1_pkg/__init__.py -> /home/erickj1/lab1_ws/install/lab1_pkg/lib/python3.10/site-packages/lab1_pkg
[0.338s] copying /home/erickj1/lab1_ws/build/lab1_pkg/build/lib/lab1_pkg/replay.py -> /home/erickj1/lab1_ws/install/lab1_pkg/lib/python3.10/site-packages/lab1_pkg
[0.338s] copying /home/erickj1/lab1_ws/build/lab1_pkg/build/lib/lab1_pkg/talker.py -> /home/erickj1/lab1_ws/install/lab1_pkg/lib/python3.10/site-packages/lab1_pkg
[0.338s] byte-compiling /home/erickj1/lab1_ws/install/lab1_pkg/lib/python3.10/site-packages/lab1_pkg/__init__.py to __init__.cpython-310.pyc
[0.338s] byte-compiling /home/erickj1/lab1_ws/install/lab1_pkg/lib/python3.10/site-packages/lab1_pkg/replay.py to replay.cpython-310.pyc
[0.338s] byte-compiling /home/erickj1/lab1_ws/install/lab1_pkg/lib/python3.10/site-packages/lab1_pkg/talker.py to talker.cpython-310.pyc
[0.338s] running install_data
[0.338s] creating /home/erickj1/lab1_ws/install/lab1_pkg/share/ament_index
[0.338s] creating /home/erickj1/lab1_ws/install/lab1_pkg/share/ament_index/resource_index
[0.338s] creating /home/erickj1/lab1_ws/install/lab1_pkg/share/ament_index/resource_index/packages
[0.338s] copying resource/lab1_pkg -> /home/erickj1/lab1_ws/install/lab1_pkg/share/ament_index/resource_index/packages
[0.338s] copying package.xml -> /home/erickj1/lab1_ws/install/lab1_pkg/share/lab1_pkg
[0.338s] running install_egg_info
[0.339s] Copying ../../build/lab1_pkg/lab1_pkg.egg-info to /home/erickj1/lab1_ws/install/lab1_pkg/lib/python3.10/site-packages/lab1_pkg-0.0.0-py3.10.egg-info
[0.339s] running install_scripts
[0.349s] Installing relay script to /home/erickj1/lab1_ws/install/lab1_pkg/lib/lab1_pkg
[0.349s] Installing talker script to /home/erickj1/lab1_ws/install/lab1_pkg/lib/lab1_pkg
[0.349s] writing list of installed files to '/home/erickj1/lab1_ws/build/lab1_pkg/install.log'
[0.358s] Invoked command in '/home/erickj1/lab1_ws/src/lab1_pkg' returned '0': PYTHONPATH=/home/erickj1/lab1_ws/build/lab1_pkg/prefix_override:/usr/lib/python3/dist-packages/colcon_core/task/python/colcon_distutils_commands:/home/erickj1/lab1_ws/install/lab1_pkg/lib/python3.10/site-packages:${PYTHONPATH} /usr/bin/python3 -W ignore:setup.py install is deprecated -W ignore:easy_install command is deprecated setup.py egg_info --egg-base ../../build/lab1_pkg build --build-base /home/erickj1/lab1_ws/build/lab1_pkg/build install --record /home/erickj1/lab1_ws/build/lab1_pkg/install.log --single-version-externally-managed install_data
